<?xml version="1.0" encoding="UTF-8"?>
<!-- Generated by org.testng.reporters.JUnitReportReporter -->
<testsuite skipped="0" hostname="Infva06523" name="Day10.FirstScript" tests="1" failures="0" timestamp="15 Mar 2019 10:01:08 GMT" time="2.835" errors="0">
  <testcase name="TitleTest" time="2.835" classname="Day10.FirstScript"/>
</testsuite> <!-- Day10.FirstScript -->
