<?xml version="1.0" encoding="UTF-8"?>
<!-- Generated by org.testng.reporters.JUnitReportReporter -->
<testsuite skipped="0" hostname="Infva06523" name="Day10.FirstScript" tests="1" failures="0" timestamp="15 Mar 2019 09:22:24 GMT" time="2.916" errors="0">
  <testcase name="fun" time="2.916" classname="Day10.FirstScript"/>
</testsuite> <!-- Day10.FirstScript -->
